[ 2016-01-06T17:36:02+08:00 ] 192.168.3.42 /favicon.ico
INFO: [ app_init ] --START--
INFO: Run Behavior\BuildLiteBehavior [ RunTime:0.000105s ]
INFO: [ app_init ] --END-- [ RunTime:0.001216s ]
ERR: 无法加载模块:Favicon

[ 2016-01-06T19:03:45+08:00 ] 192.168.3.42 /Public/Admin/images.gif
INFO: [ app_init ] --START--
INFO: Run Behavior\BuildLiteBehavior [ RunTime:0.000056s ]
INFO: [ app_init ] --END-- [ RunTime:0.000835s ]
ERR: 无法加载模块:404

[ 2016-01-06T19:03:46+08:00 ] 192.168.3.42 /Public/Admin/images.gif
INFO: [ app_init ] --START--
INFO: Run Behavior\BuildLiteBehavior [ RunTime:0.000215s ]
INFO: [ app_init ] --END-- [ RunTime:0.001018s ]
ERR: 无法加载模块:404

[ 2016-01-06T19:03:47+08:00 ] 192.168.3.42 /Public/Admin/images.gif
INFO: [ app_init ] --START--
INFO: Run Behavior\BuildLiteBehavior [ RunTime:0.000161s ]
INFO: [ app_init ] --END-- [ RunTime:0.002285s ]
ERR: 无法加载模块:404

[ 2016-01-06T19:03:56+08:00 ] 192.168.3.42 /Public/Admin/images/.gif
INFO: [ app_init ] --START--
INFO: Run Behavior\BuildLiteBehavior [ RunTime:0.000037s ]
INFO: [ app_init ] --END-- [ RunTime:0.000907s ]
ERR: 无法加载模块:404

[ 2016-01-06T19:03:58+08:00 ] 192.168.3.42 /Public/Admin/images/.gif
INFO: [ app_init ] --START--
INFO: Run Behavior\BuildLiteBehavior [ RunTime:0.000113s ]
INFO: [ app_init ] --END-- [ RunTime:0.000947s ]
ERR: 无法加载模块:404

[ 2016-01-06T19:05:23+08:00 ] 192.168.3.42 /Public/Admin/images/.gif
INFO: [ app_init ] --START--
INFO: Run Behavior\BuildLiteBehavior [ RunTime:0.000425s ]
INFO: [ app_init ] --END-- [ RunTime:0.002569s ]
ERR: 无法加载模块:404

[ 2016-01-06T19:05:59+08:00 ] 192.168.3.42 /Public/Admin/images/.gif
INFO: [ app_init ] --START--
INFO: Run Behavior\BuildLiteBehavior [ RunTime:0.000101s ]
INFO: [ app_init ] --END-- [ RunTime:0.002143s ]
ERR: 无法加载模块:404

[ 2016-01-06T19:06:36+08:00 ] 192.168.3.42 /Public/Admin/images/.gif
INFO: [ app_init ] --START--
INFO: Run Behavior\BuildLiteBehavior [ RunTime:0.000242s ]
INFO: [ app_init ] --END-- [ RunTime:0.000994s ]
ERR: 无法加载模块:404

